Using pre-set license
Built from '2020.3/staging' branch; Version is '2020.3.11f1 (99c7afb366b3) revision 10078127'; Using compiler version '192528614'; Build Type 'Release'
OS: 'Windows 10 Enterprise; OS build 19042.1110; Version 2009; 64bit' Language: 'en' Physical Memory: 16100 MB
BatchMode: 1, IsHumanControllingUs: 0, StartBugReporterOnCrash: 0, Is64bit: 1, IsPro: 0

 COMMAND LINE ARGUMENTS:
C:\Program Files\Unity\Hub\Editor\2020.3.11f1\Editor\Unity.exe
-adb2
-batchMode
-noUpm
-name
AssetImportWorker0
-projectPath
C:/Users/BS566/Desktop/UNITY Training/Meet Our Team
-logFile
Logs/AssetImportWorker0.log
-srvPort
50820
Successfully changed project path to: C:/Users/BS566/Desktop/UNITY Training/Meet Our Team
C:/Users/BS566/Desktop/UNITY Training/Meet Our Team
Using Asset Import Pipeline V2.
Refreshing native plugins compatible for Editor in 37.32 ms, found 3 plugins.
Preloading 0 native plugins for Editor in 0.00 ms.
Initialize engine version: 2020.3.11f1 (99c7afb366b3)
[Subsystems] Discovering subsystems at path C:/Program Files/Unity/Hub/Editor/2020.3.11f1/Editor/Data/Resources/UnitySubsystems
[Subsystems] Discovering subsystems at path C:/Users/BS566/Desktop/UNITY Training/Meet Our Team/Assets
GfxDevice: creating device client; threaded=0
Direct3D:
    Version:  Direct3D 11.0 [level 11.1]
    Renderer: NVIDIA GeForce MX450 (ID=0x1f97)
    Vendor:   
    VRAM:     1928 MB
    Driver:   27.21.14.6230
Initialize mono
Mono path[0] = 'C:/Program Files/Unity/Hub/Editor/2020.3.11f1/Editor/Data/Managed'
Mono path[1] = 'C:/Program Files/Unity/Hub/Editor/2020.3.11f1/Editor/Data/MonoBleedingEdge/lib/mono/unityjit'
Mono config path = 'C:/Program Files/Unity/Hub/Editor/2020.3.11f1/Editor/Data/MonoBleedingEdge/etc'
Using monoOptions --debugger-agent=transport=dt_socket,embedding=1,server=y,suspend=n,address=127.0.0.1:56752
Begin MonoManager ReloadAssembly
Registering precompiled unity dll's ...
Register platform support module: C:/Program Files/Unity/Hub/Editor/2020.3.11f1/Editor/Data/PlaybackEngines/WebGLSupport/UnityEditor.WebGL.Extensions.dll
Register platform support module: C:/Program Files/Unity/Hub/Editor/2020.3.11f1/Editor/Data/PlaybackEngines/MacStandaloneSupport/UnityEditor.OSXStandalone.Extensions.dll
Register platform support module: C:/Program Files/Unity/Hub/Editor/2020.3.11f1/Editor/Data/PlaybackEngines/WindowsStandaloneSupport/UnityEditor.WindowsStandalone.Extensions.dll
Registered in 0.001779 seconds.
Native extension for WindowsStandalone target not found
Native extension for OSXStandalone target not found
Native extension for WebGL target not found
Refreshing native plugins compatible for Editor in 35.24 ms, found 3 plugins.
Preloading 0 native plugins for Editor in 0.00 ms.
Mono: successfully reloaded assembly
- Completed reload, in  0.964 seconds
Platform modules already initialized, skipping
Registering precompiled user dll's ...
Registered in 0.002756 seconds.
Begin MonoManager ReloadAssembly
Native extension for WindowsStandalone target not found
Native extension for OSXStandalone target not found
Native extension for WebGL target not found
Refreshing native plugins compatible for Editor in 35.12 ms, found 3 plugins.
Preloading 0 native plugins for Editor in 0.00 ms.
Mono: successfully reloaded assembly
- Completed reload, in  0.869 seconds
Platform modules already initialized, skipping
========================================================================
Worker process is ready to serve import requests
Launched and connected shader compiler UnityShaderCompiler.exe after 0.04 seconds
Refreshing native plugins compatible for Editor in 0.39 ms, found 3 plugins.
Preloading 0 native plugins for Editor in 0.00 ms.
Unloading 2081 Unused Serialized files (Serialized files now loaded: 0)
System memory in use before: 93.0 MB.
System memory in use after: 92.9 MB.

Unloading 33 unused Assets to reduce memory usage. Loaded Objects now: 2516.
Total: 1.978000 ms (FindLiveObjects: 0.142000 ms CreateObjectMapping: 0.042700 ms MarkObjects: 1.672100 ms  DeleteObjects: 0.119800 ms)

========================================================================
Received Import Request.
  path: Assets/Script/MenuManager.cs
  artifactKey: Guid(84f1defbd53c4964e9ebf5723531046c) Importer(815301076,1909f56bfc062723c751e8b465ee728b)
Start importing Assets/Script/MenuManager.cs using Guid(84f1defbd53c4964e9ebf5723531046c) Importer(815301076,1909f56bfc062723c751e8b465ee728b)  -> (artifact id: '60cfdabfabac3dd67ffbc30e9f297cf8') in 0.075635 seconds
  Import took 0.078233 seconds .

========================================================================
Received Import Request.
  Time since last request: 45.439660 seconds.
  path: Assets/Script/MenuManager.cs
  artifactKey: Guid(84f1defbd53c4964e9ebf5723531046c) Importer(815301076,1909f56bfc062723c751e8b465ee728b)
Start importing Assets/Script/MenuManager.cs using Guid(84f1defbd53c4964e9ebf5723531046c) Importer(815301076,1909f56bfc062723c751e8b465ee728b)  -> (artifact id: 'd6b7c4c52d83c5c7f7b481b37f14fd19') in 0.001690 seconds
  Import took 0.005017 seconds .

========================================================================
Received Import Request.
  Time since last request: 27.539819 seconds.
  path: Assets/Script/MenuManager.cs
  artifactKey: Guid(84f1defbd53c4964e9ebf5723531046c) Importer(815301076,1909f56bfc062723c751e8b465ee728b)
Start importing Assets/Script/MenuManager.cs using Guid(84f1defbd53c4964e9ebf5723531046c) Importer(815301076,1909f56bfc062723c751e8b465ee728b)  -> (artifact id: '6d4cc72a2f1c4572b663e32de93e1e63') in 0.001876 seconds
  Import took 0.004757 seconds .

========================================================================
Received Import Request.
  Time since last request: 35.942109 seconds.
  path: Assets/Script/MenuManager.cs
  artifactKey: Guid(84f1defbd53c4964e9ebf5723531046c) Importer(815301076,1909f56bfc062723c751e8b465ee728b)
Start importing Assets/Script/MenuManager.cs using Guid(84f1defbd53c4964e9ebf5723531046c) Importer(815301076,1909f56bfc062723c751e8b465ee728b)  -> (artifact id: 'b4fedf1ea1d59f5834a6f75b8381ea96') in 0.001857 seconds
  Import took 0.005073 seconds .

========================================================================
Received Import Request.
  Time since last request: 30.367497 seconds.
  path: Assets/Script/MenuManager.cs
  artifactKey: Guid(84f1defbd53c4964e9ebf5723531046c) Importer(815301076,1909f56bfc062723c751e8b465ee728b)
Start importing Assets/Script/MenuManager.cs using Guid(84f1defbd53c4964e9ebf5723531046c) Importer(815301076,1909f56bfc062723c751e8b465ee728b)  -> (artifact id: '902e9ebe98458b2c80e36e0ce0b44a27') in 0.001985 seconds
  Import took 0.005370 seconds .

========================================================================
Received Import Request.
  Time since last request: 22.360169 seconds.
  path: Assets/Script/MenuManager.cs
  artifactKey: Guid(84f1defbd53c4964e9ebf5723531046c) Importer(815301076,1909f56bfc062723c751e8b465ee728b)
Start importing Assets/Script/MenuManager.cs using Guid(84f1defbd53c4964e9ebf5723531046c) Importer(815301076,1909f56bfc062723c751e8b465ee728b)  -> (artifact id: 'ae4a7fc3aea6d6e5115020544aa97d01') in 0.002037 seconds
  Import took 0.005004 seconds .

========================================================================
Received Import Request.
  Time since last request: 0.003192 seconds.
  path: Assets/Script/MenuManager.cs
  artifactKey: Guid(84f1defbd53c4964e9ebf5723531046c) Importer(815301076,1909f56bfc062723c751e8b465ee728b)
Start importing Assets/Script/MenuManager.cs using Guid(84f1defbd53c4964e9ebf5723531046c) Importer(815301076,1909f56bfc062723c751e8b465ee728b)  -> (artifact id: 'ae4a7fc3aea6d6e5115020544aa97d01') in 0.001914 seconds
  Import took 0.005076 seconds .

========================================================================
Received Import Request.
  Time since last request: 26.583931 seconds.
  path: Assets/Script/MenuManager.cs
  artifactKey: Guid(84f1defbd53c4964e9ebf5723531046c) Importer(815301076,1909f56bfc062723c751e8b465ee728b)
Start importing Assets/Script/MenuManager.cs using Guid(84f1defbd53c4964e9ebf5723531046c) Importer(815301076,1909f56bfc062723c751e8b465ee728b)  -> (artifact id: '583774508dd860f1644ee5b10ed90ca0') in 0.001755 seconds
  Import took 0.005377 seconds .

========================================================================
Received Import Request.
  Time since last request: 7.774659 seconds.
  path: Assets/Script/MenuManager.cs
  artifactKey: Guid(84f1defbd53c4964e9ebf5723531046c) Importer(815301076,1909f56bfc062723c751e8b465ee728b)
Start importing Assets/Script/MenuManager.cs using Guid(84f1defbd53c4964e9ebf5723531046c) Importer(815301076,1909f56bfc062723c751e8b465ee728b)  -> (artifact id: 'd1db6384fde896499352f60631598e6b') in 0.001821 seconds
  Import took 0.004771 seconds .

========================================================================
Received Import Request.
  Time since last request: 6.111124 seconds.
  path: Assets/Script/MenuManager.cs
  artifactKey: Guid(84f1defbd53c4964e9ebf5723531046c) Importer(815301076,1909f56bfc062723c751e8b465ee728b)
Start importing Assets/Script/MenuManager.cs using Guid(84f1defbd53c4964e9ebf5723531046c) Importer(815301076,1909f56bfc062723c751e8b465ee728b)  -> (artifact id: '66297498c369550d3ae8b9de4d206580') in 0.002110 seconds
  Import took 0.005739 seconds .

========================================================================
Received Import Request.
  Time since last request: 0.000995 seconds.
  path: Assets/Script/MenuManager.cs
  artifactKey: Guid(84f1defbd53c4964e9ebf5723531046c) Importer(815301076,1909f56bfc062723c751e8b465ee728b)
Start importing Assets/Script/MenuManager.cs using Guid(84f1defbd53c4964e9ebf5723531046c) Importer(815301076,1909f56bfc062723c751e8b465ee728b)  -> (artifact id: '66297498c369550d3ae8b9de4d206580') in 0.002306 seconds
  Import took 0.007346 seconds .

========================================================================
Received Prepare
Registering precompiled user dll's ...
Registered in 0.002438 seconds.
Begin MonoManager ReloadAssembly
Native extension for WindowsStandalone target not found
Native extension for OSXStandalone target not found
Native extension for WebGL target not found
Refreshing native plugins compatible for Editor in 0.38 ms, found 3 plugins.
Preloading 0 native plugins for Editor in 0.00 ms.
Mono: successfully reloaded assembly
- Completed reload, in  0.819 seconds
Platform modules already initialized, skipping
Refreshing native plugins compatible for Editor in 0.50 ms, found 3 plugins.
Preloading 0 native plugins for Editor in 0.00 ms.
Unloading 2076 Unused Serialized files (Serialized files now loaded: 0)
System memory in use before: 92.9 MB.
System memory in use after: 92.9 MB.

Unloading 21 unused Assets to reduce memory usage. Loaded Objects now: 2520.
Total: 1.793400 ms (FindLiveObjects: 0.137000 ms CreateObjectMapping: 0.047700 ms MarkObjects: 1.518400 ms  DeleteObjects: 0.088900 ms)

========================================================================
Received Prepare
Registering precompiled user dll's ...
Registered in 0.002394 seconds.
Begin MonoManager ReloadAssembly
Native extension for WindowsStandalone target not found
Native extension for OSXStandalone target not found
Native extension for WebGL target not found
Refreshing native plugins compatible for Editor in 0.36 ms, found 3 plugins.
Preloading 0 native plugins for Editor in 0.00 ms.
Mono: successfully reloaded assembly
- Completed reload, in  0.776 seconds
Platform modules already initialized, skipping
Refreshing native plugins compatible for Editor in 0.40 ms, found 3 plugins.
Preloading 0 native plugins for Editor in 0.00 ms.
Unloading 2076 Unused Serialized files (Serialized files now loaded: 0)
System memory in use before: 93.0 MB.
System memory in use after: 92.9 MB.

Unloading 21 unused Assets to reduce memory usage. Loaded Objects now: 2524.
Total: 1.834300 ms (FindLiveObjects: 0.149300 ms CreateObjectMapping: 0.035500 ms MarkObjects: 1.524600 ms  DeleteObjects: 0.123900 ms)

AssetImportWorkerClient::OnTransportError - code=2 error=End of file
