Using pre-set license
Built from '2020.3/staging' branch; Version is '2020.3.11f1 (99c7afb366b3) revision 10078127'; Using compiler version '192528614'; Build Type 'Release'
OS: 'Windows 10 Enterprise; OS build 19043.1151; Version 2009; 64bit' Language: 'en' Physical Memory: 16100 MB
BatchMode: 1, IsHumanControllingUs: 0, StartBugReporterOnCrash: 0, Is64bit: 1, IsPro: 0

 COMMAND LINE ARGUMENTS:
C:\Program Files\Unity\Hub\Editor\2020.3.11f1\Editor\Unity.exe
-adb2
-batchMode
-noUpm
-name
AssetImportWorker0
-projectPath
C:/Users/BS566/Desktop/UNITY Training/Meet Our Team
-logFile
Logs/AssetImportWorker0.log
-srvPort
49884
Successfully changed project path to: C:/Users/BS566/Desktop/UNITY Training/Meet Our Team
C:/Users/BS566/Desktop/UNITY Training/Meet Our Team
Using Asset Import Pipeline V2.
Refreshing native plugins compatible for Editor in 41.09 ms, found 3 plugins.
Preloading 0 native plugins for Editor in 0.00 ms.
Initialize engine version: 2020.3.11f1 (99c7afb366b3)
[Subsystems] Discovering subsystems at path C:/Program Files/Unity/Hub/Editor/2020.3.11f1/Editor/Data/Resources/UnitySubsystems
[Subsystems] Discovering subsystems at path C:/Users/BS566/Desktop/UNITY Training/Meet Our Team/Assets
GfxDevice: creating device client; threaded=0
Direct3D:
    Version:  Direct3D 11.0 [level 11.1]
    Renderer: NVIDIA GeForce MX450 (ID=0x1f97)
    Vendor:   
    VRAM:     1928 MB
    Driver:   27.21.14.6230
Initialize mono
Mono path[0] = 'C:/Program Files/Unity/Hub/Editor/2020.3.11f1/Editor/Data/Managed'
Mono path[1] = 'C:/Program Files/Unity/Hub/Editor/2020.3.11f1/Editor/Data/MonoBleedingEdge/lib/mono/unityjit'
Mono config path = 'C:/Program Files/Unity/Hub/Editor/2020.3.11f1/Editor/Data/MonoBleedingEdge/etc'
Using monoOptions --debugger-agent=transport=dt_socket,embedding=1,server=y,suspend=n,address=127.0.0.1:56376
Begin MonoManager ReloadAssembly
Registering precompiled unity dll's ...
Register platform support module: C:/Program Files/Unity/Hub/Editor/2020.3.11f1/Editor/Data/PlaybackEngines/WebGLSupport/UnityEditor.WebGL.Extensions.dll
Register platform support module: C:/Program Files/Unity/Hub/Editor/2020.3.11f1/Editor/Data/PlaybackEngines/MacStandaloneSupport/UnityEditor.OSXStandalone.Extensions.dll
Register platform support module: C:/Program Files/Unity/Hub/Editor/2020.3.11f1/Editor/Data/PlaybackEngines/WindowsStandaloneSupport/UnityEditor.WindowsStandalone.Extensions.dll
Registered in 0.002259 seconds.
Native extension for WindowsStandalone target not found
Native extension for OSXStandalone target not found
Native extension for WebGL target not found
Refreshing native plugins compatible for Editor in 36.04 ms, found 3 plugins.
Preloading 0 native plugins for Editor in 0.00 ms.
Mono: successfully reloaded assembly
- Completed reload, in  0.900 seconds
Platform modules already initialized, skipping
Registering precompiled user dll's ...
Registered in 0.004853 seconds.
Begin MonoManager ReloadAssembly
Native extension for WindowsStandalone target not found
Native extension for OSXStandalone target not found
Native extension for WebGL target not found
Refreshing native plugins compatible for Editor in 34.24 ms, found 3 plugins.
Preloading 0 native plugins for Editor in 0.00 ms.
Mono: successfully reloaded assembly
- Completed reload, in  1.197 seconds
Platform modules already initialized, skipping
========================================================================
Worker process is ready to serve import requests
Launched and connected shader compiler UnityShaderCompiler.exe after 0.03 seconds
Refreshing native plugins compatible for Editor in 0.40 ms, found 3 plugins.
Preloading 0 native plugins for Editor in 0.00 ms.
Unloading 2121 Unused Serialized files (Serialized files now loaded: 0)
System memory in use before: 96.2 MB.
System memory in use after: 96.1 MB.

Unloading 43 unused Assets to reduce memory usage. Loaded Objects now: 2596.
Total: 17.660100 ms (FindLiveObjects: 0.146500 ms CreateObjectMapping: 0.047900 ms MarkObjects: 17.328500 ms  DeleteObjects: 0.135600 ms)

========================================================================
Received Import Request.
  path: Assets/Script/Controller/CallButtonController.cs
  artifactKey: Guid(628a241fae2e1e94fbdb70ce238f7a37) Importer(815301076,1909f56bfc062723c751e8b465ee728b)
Start importing Assets/Script/Controller/CallButtonController.cs using Guid(628a241fae2e1e94fbdb70ce238f7a37) Importer(815301076,1909f56bfc062723c751e8b465ee728b)  -> (artifact id: '61fd3464c2093dcf8d3f502302bd8690') in 0.020074 seconds
  Import took 0.023737 seconds .

========================================================================
Received Import Request.
  Time since last request: 49.722650 seconds.
  path: Assets/Script/Enums/Social.cs
  artifactKey: Guid(1c27c34f5e12d9548aa01cf77889c06e) Importer(815301076,1909f56bfc062723c751e8b465ee728b)
Start importing Assets/Script/Enums/Social.cs using Guid(1c27c34f5e12d9548aa01cf77889c06e) Importer(815301076,1909f56bfc062723c751e8b465ee728b)  -> (artifact id: '60e6173f47d0c1843bab7cb97e2239f7') in 0.006950 seconds
  Import took 0.009886 seconds .

========================================================================
Received Import Request.
  Time since last request: 0.001763 seconds.
  path: Assets/Script/Enums/Social.cs
  artifactKey: Guid(1c27c34f5e12d9548aa01cf77889c06e) Importer(815301076,1909f56bfc062723c751e8b465ee728b)
Start importing Assets/Script/Enums/Social.cs using Guid(1c27c34f5e12d9548aa01cf77889c06e) Importer(815301076,1909f56bfc062723c751e8b465ee728b)  -> (artifact id: '60e6173f47d0c1843bab7cb97e2239f7') in 0.003835 seconds
  Import took 0.007161 seconds .

========================================================================
Received Import Request.
  Time since last request: 12.037508 seconds.
  path: Assets/Script/Enums/Technologies.cs
  artifactKey: Guid(161f8b3bf5cb39045a7aa5b3f7a16cbc) Importer(815301076,1909f56bfc062723c751e8b465ee728b)
Start importing Assets/Script/Enums/Technologies.cs using Guid(161f8b3bf5cb39045a7aa5b3f7a16cbc) Importer(815301076,1909f56bfc062723c751e8b465ee728b)  -> (artifact id: '0b7e51cf2f0d6b45a59d9af0c055579f') in 0.008571 seconds
  Import took 0.012306 seconds .

========================================================================
Received Import Request.
  Time since last request: 0.000455 seconds.
  path: Assets/Script/Enums/Technologies.cs
  artifactKey: Guid(161f8b3bf5cb39045a7aa5b3f7a16cbc) Importer(815301076,1909f56bfc062723c751e8b465ee728b)
Start importing Assets/Script/Enums/Technologies.cs using Guid(161f8b3bf5cb39045a7aa5b3f7a16cbc) Importer(815301076,1909f56bfc062723c751e8b465ee728b)  -> (artifact id: '0b7e51cf2f0d6b45a59d9af0c055579f') in 0.001953 seconds
  Import took 0.005467 seconds .

========================================================================
Received Prepare
Registering precompiled user dll's ...
Registered in 0.005160 seconds.
Begin MonoManager ReloadAssembly
Native extension for WindowsStandalone target not found
Native extension for OSXStandalone target not found
Native extension for WebGL target not found
Refreshing native plugins compatible for Editor in 0.49 ms, found 3 plugins.
Preloading 0 native plugins for Editor in 0.00 ms.
Mono: successfully reloaded assembly
- Completed reload, in  1.189 seconds
Platform modules already initialized, skipping
Refreshing native plugins compatible for Editor in 0.45 ms, found 3 plugins.
Preloading 0 native plugins for Editor in 0.00 ms.
Unloading 2102 Unused Serialized files (Serialized files now loaded: 0)
System memory in use before: 94.8 MB.
System memory in use after: 94.8 MB.

Unloading 31 unused Assets to reduce memory usage. Loaded Objects now: 2600.
Total: 18.854900 ms (FindLiveObjects: 0.135800 ms CreateObjectMapping: 0.039900 ms MarkObjects: 18.564000 ms  DeleteObjects: 0.113500 ms)

========================================================================
Received Import Request.
  Time since last request: 246.413150 seconds.
  path: Assets/Users/Mushfiq.asset
  artifactKey: Guid(6e78c702fb4e1644197b6199bc6561d4) Importer(815301076,1909f56bfc062723c751e8b465ee728b)
Start importing Assets/Users/Mushfiq.asset using Guid(6e78c702fb4e1644197b6199bc6561d4) Importer(815301076,1909f56bfc062723c751e8b465ee728b)  -> (artifact id: '2993ceaf54ac59b60334022c4dfa44a4') in 0.091338 seconds
  Import took 0.094251 seconds .

========================================================================
Received Prepare
Registering precompiled user dll's ...
Registered in 0.005027 seconds.
Begin MonoManager ReloadAssembly
Native extension for WindowsStandalone target not found
Native extension for OSXStandalone target not found
Native extension for WebGL target not found
Refreshing native plugins compatible for Editor in 0.43 ms, found 3 plugins.
Preloading 0 native plugins for Editor in 0.00 ms.
Mono: successfully reloaded assembly
- Completed reload, in  1.113 seconds
Platform modules already initialized, skipping
Refreshing native plugins compatible for Editor in 0.51 ms, found 3 plugins.
Preloading 0 native plugins for Editor in 0.00 ms.
Unloading 2102 Unused Serialized files (Serialized files now loaded: 0)
System memory in use before: 94.9 MB.
System memory in use after: 94.9 MB.

Unloading 31 unused Assets to reduce memory usage. Loaded Objects now: 2604.
Total: 18.153400 ms (FindLiveObjects: 0.153700 ms CreateObjectMapping: 0.041700 ms MarkObjects: 17.833200 ms  DeleteObjects: 0.122900 ms)

========================================================================
Received Prepare
Registering precompiled user dll's ...
Registered in 0.005137 seconds.
Begin MonoManager ReloadAssembly
Native extension for WindowsStandalone target not found
Native extension for OSXStandalone target not found
Native extension for WebGL target not found
Refreshing native plugins compatible for Editor in 0.46 ms, found 3 plugins.
Preloading 0 native plugins for Editor in 0.00 ms.
Mono: successfully reloaded assembly
- Completed reload, in  1.143 seconds
Platform modules already initialized, skipping
Refreshing native plugins compatible for Editor in 0.45 ms, found 3 plugins.
Preloading 0 native plugins for Editor in 0.00 ms.
Unloading 2102 Unused Serialized files (Serialized files now loaded: 0)
System memory in use before: 94.9 MB.
System memory in use after: 94.9 MB.

Unloading 31 unused Assets to reduce memory usage. Loaded Objects now: 2608.
Total: 18.442500 ms (FindLiveObjects: 0.146000 ms CreateObjectMapping: 0.043400 ms MarkObjects: 18.146600 ms  DeleteObjects: 0.104800 ms)

========================================================================
Received Import Request.
  Time since last request: 211.833975 seconds.
  path: Assets/Users/Moshiuzzaman.asset
  artifactKey: Guid(09f5d78be7848bb4680b609e74c189fb) Importer(815301076,1909f56bfc062723c751e8b465ee728b)
Start importing Assets/Users/Moshiuzzaman.asset using Guid(09f5d78be7848bb4680b609e74c189fb) Importer(815301076,1909f56bfc062723c751e8b465ee728b)  -> (artifact id: '6d19d414355c291371507436808a8535') in 0.058506 seconds
  Import took 0.062313 seconds .

========================================================================
Received Import Request.
  Time since last request: 34.015602 seconds.
  path: Assets/Users/Moshiuzzaman.asset
  artifactKey: Guid(09f5d78be7848bb4680b609e74c189fb) Importer(815301076,1909f56bfc062723c751e8b465ee728b)
Start importing Assets/Users/Moshiuzzaman.asset using Guid(09f5d78be7848bb4680b609e74c189fb) Importer(815301076,1909f56bfc062723c751e8b465ee728b)  -> (artifact id: '9383d056491fb972bba6caffd1902fac') in 0.005081 seconds
  Import took 0.008030 seconds .

========================================================================
Received Prepare
Registering precompiled user dll's ...
Registered in 0.004982 seconds.
Begin MonoManager ReloadAssembly
Native extension for WindowsStandalone target not found
Native extension for OSXStandalone target not found
Native extension for WebGL target not found
Refreshing native plugins compatible for Editor in 0.44 ms, found 3 plugins.
Preloading 0 native plugins for Editor in 0.00 ms.
Mono: successfully reloaded assembly
- Completed reload, in  1.132 seconds
Platform modules already initialized, skipping
Refreshing native plugins compatible for Editor in 0.44 ms, found 3 plugins.
Preloading 0 native plugins for Editor in 0.00 ms.
Unloading 2102 Unused Serialized files (Serialized files now loaded: 0)
System memory in use before: 94.9 MB.
System memory in use after: 94.9 MB.

Unloading 31 unused Assets to reduce memory usage. Loaded Objects now: 2612.
Total: 18.207300 ms (FindLiveObjects: 0.139300 ms CreateObjectMapping: 0.043500 ms MarkObjects: 17.909900 ms  DeleteObjects: 0.112900 ms)

========================================================================
Received Prepare
Registering precompiled user dll's ...
Registered in 0.005143 seconds.
Begin MonoManager ReloadAssembly
Native extension for WindowsStandalone target not found
Native extension for OSXStandalone target not found
Native extension for WebGL target not found
Refreshing native plugins compatible for Editor in 0.48 ms, found 3 plugins.
Preloading 0 native plugins for Editor in 0.00 ms.
Mono: successfully reloaded assembly
- Completed reload, in  1.171 seconds
Platform modules already initialized, skipping
Refreshing native plugins compatible for Editor in 0.44 ms, found 3 plugins.
Preloading 0 native plugins for Editor in 0.00 ms.
Unloading 2102 Unused Serialized files (Serialized files now loaded: 0)
System memory in use before: 94.9 MB.
System memory in use after: 94.9 MB.

Unloading 31 unused Assets to reduce memory usage. Loaded Objects now: 2616.
Total: 17.800200 ms (FindLiveObjects: 0.141600 ms CreateObjectMapping: 0.047900 ms MarkObjects: 17.488800 ms  DeleteObjects: 0.120400 ms)

========================================================================
Received Prepare
Registering precompiled user dll's ...
Registered in 0.004939 seconds.
Begin MonoManager ReloadAssembly
Native extension for WindowsStandalone target not found
Native extension for OSXStandalone target not found
Native extension for WebGL target not found
Refreshing native plugins compatible for Editor in 0.43 ms, found 3 plugins.
Preloading 0 native plugins for Editor in 0.00 ms.
Mono: successfully reloaded assembly
- Completed reload, in  1.110 seconds
Platform modules already initialized, skipping
Refreshing native plugins compatible for Editor in 0.44 ms, found 3 plugins.
Preloading 0 native plugins for Editor in 0.00 ms.
Unloading 2102 Unused Serialized files (Serialized files now loaded: 0)
System memory in use before: 95.0 MB.
System memory in use after: 94.9 MB.

Unloading 31 unused Assets to reduce memory usage. Loaded Objects now: 2620.
Total: 17.736800 ms (FindLiveObjects: 0.136500 ms CreateObjectMapping: 0.046100 ms MarkObjects: 17.437600 ms  DeleteObjects: 0.115200 ms)

========================================================================
Received Prepare
Registering precompiled user dll's ...
Registered in 0.005137 seconds.
Begin MonoManager ReloadAssembly
Native extension for WindowsStandalone target not found
Native extension for OSXStandalone target not found
Native extension for WebGL target not found
Refreshing native plugins compatible for Editor in 0.49 ms, found 3 plugins.
Preloading 0 native plugins for Editor in 0.00 ms.
Mono: successfully reloaded assembly
- Completed reload, in  1.120 seconds
Platform modules already initialized, skipping
Refreshing native plugins compatible for Editor in 0.46 ms, found 3 plugins.
Preloading 0 native plugins for Editor in 0.00 ms.
Unloading 2102 Unused Serialized files (Serialized files now loaded: 0)
System memory in use before: 95.0 MB.
System memory in use after: 94.9 MB.

Unloading 31 unused Assets to reduce memory usage. Loaded Objects now: 2624.
Total: 18.142300 ms (FindLiveObjects: 0.137500 ms CreateObjectMapping: 0.044200 ms MarkObjects: 17.819700 ms  DeleteObjects: 0.139300 ms)

========================================================================
Received Prepare
Registering precompiled user dll's ...
Registered in 0.004616 seconds.
Begin MonoManager ReloadAssembly
Native extension for WindowsStandalone target not found
Native extension for OSXStandalone target not found
Native extension for WebGL target not found
Refreshing native plugins compatible for Editor in 0.43 ms, found 3 plugins.
Preloading 0 native plugins for Editor in 0.00 ms.
Mono: successfully reloaded assembly
- Completed reload, in  1.099 seconds
Platform modules already initialized, skipping
Refreshing native plugins compatible for Editor in 0.45 ms, found 3 plugins.
Preloading 0 native plugins for Editor in 0.00 ms.
Unloading 2102 Unused Serialized files (Serialized files now loaded: 0)
System memory in use before: 95.0 MB.
System memory in use after: 95.0 MB.

Unloading 31 unused Assets to reduce memory usage. Loaded Objects now: 2628.
Total: 18.013400 ms (FindLiveObjects: 0.144400 ms CreateObjectMapping: 0.045800 ms MarkObjects: 17.698500 ms  DeleteObjects: 0.123000 ms)

========================================================================
Received Prepare
Registering precompiled user dll's ...
Registered in 0.005537 seconds.
Begin MonoManager ReloadAssembly
Native extension for WindowsStandalone target not found
Native extension for OSXStandalone target not found
Native extension for WebGL target not found
Refreshing native plugins compatible for Editor in 0.47 ms, found 3 plugins.
Preloading 0 native plugins for Editor in 0.00 ms.
Mono: successfully reloaded assembly
- Completed reload, in  1.102 seconds
Platform modules already initialized, skipping
Refreshing native plugins compatible for Editor in 0.45 ms, found 3 plugins.
Preloading 0 native plugins for Editor in 0.00 ms.
Unloading 2102 Unused Serialized files (Serialized files now loaded: 0)
System memory in use before: 95.0 MB.
System memory in use after: 95.0 MB.

Unloading 31 unused Assets to reduce memory usage. Loaded Objects now: 2632.
Total: 18.236500 ms (FindLiveObjects: 0.138400 ms CreateObjectMapping: 0.053200 ms MarkObjects: 17.924600 ms  DeleteObjects: 0.118000 ms)

========================================================================
Received Prepare
Registering precompiled user dll's ...
Registered in 0.004726 seconds.
Begin MonoManager ReloadAssembly
Native extension for WindowsStandalone target not found
Native extension for OSXStandalone target not found
Native extension for WebGL target not found
Refreshing native plugins compatible for Editor in 0.43 ms, found 3 plugins.
Preloading 0 native plugins for Editor in 0.00 ms.
Mono: successfully reloaded assembly
- Completed reload, in  1.103 seconds
Platform modules already initialized, skipping
Refreshing native plugins compatible for Editor in 0.44 ms, found 3 plugins.
Preloading 0 native plugins for Editor in 0.00 ms.
Unloading 2102 Unused Serialized files (Serialized files now loaded: 0)
System memory in use before: 95.0 MB.
System memory in use after: 95.0 MB.

Unloading 31 unused Assets to reduce memory usage. Loaded Objects now: 2636.
Total: 18.032700 ms (FindLiveObjects: 0.141900 ms CreateObjectMapping: 0.049600 ms MarkObjects: 17.719200 ms  DeleteObjects: 0.120400 ms)

========================================================================
Received Prepare
Registering precompiled user dll's ...
Registered in 0.005491 seconds.
Begin MonoManager ReloadAssembly
Native extension for WindowsStandalone target not found
Native extension for OSXStandalone target not found
Native extension for WebGL target not found
Refreshing native plugins compatible for Editor in 0.44 ms, found 3 plugins.
Preloading 0 native plugins for Editor in 0.00 ms.
Mono: successfully reloaded assembly
- Completed reload, in  1.147 seconds
Platform modules already initialized, skipping
Refreshing native plugins compatible for Editor in 0.45 ms, found 3 plugins.
Preloading 0 native plugins for Editor in 0.00 ms.
Unloading 2102 Unused Serialized files (Serialized files now loaded: 0)
System memory in use before: 95.0 MB.
System memory in use after: 95.0 MB.

Unloading 31 unused Assets to reduce memory usage. Loaded Objects now: 2640.
Total: 18.492200 ms (FindLiveObjects: 0.138100 ms CreateObjectMapping: 0.043400 ms MarkObjects: 18.188600 ms  DeleteObjects: 0.120600 ms)

========================================================================
Received Prepare
Registering precompiled user dll's ...
Registered in 0.004914 seconds.
Begin MonoManager ReloadAssembly
Native extension for WindowsStandalone target not found
Native extension for OSXStandalone target not found
Native extension for WebGL target not found
Refreshing native plugins compatible for Editor in 0.52 ms, found 3 plugins.
Preloading 0 native plugins for Editor in 0.00 ms.
Mono: successfully reloaded assembly
- Completed reload, in  1.145 seconds
Platform modules already initialized, skipping
Refreshing native plugins compatible for Editor in 0.50 ms, found 3 plugins.
Preloading 0 native plugins for Editor in 0.00 ms.
Unloading 2102 Unused Serialized files (Serialized files now loaded: 0)
System memory in use before: 95.0 MB.
System memory in use after: 95.0 MB.

Unloading 31 unused Assets to reduce memory usage. Loaded Objects now: 2644.
Total: 21.264300 ms (FindLiveObjects: 0.183000 ms CreateObjectMapping: 0.051400 ms MarkObjects: 20.873300 ms  DeleteObjects: 0.154500 ms)

========================================================================
Received Prepare
Registering precompiled user dll's ...
Registered in 0.004586 seconds.
Begin MonoManager ReloadAssembly
Native extension for WindowsStandalone target not found
Native extension for OSXStandalone target not found
Native extension for WebGL target not found
Refreshing native plugins compatible for Editor in 0.45 ms, found 3 plugins.
Preloading 0 native plugins for Editor in 0.00 ms.
Mono: successfully reloaded assembly
- Completed reload, in  1.124 seconds
Platform modules already initialized, skipping
Refreshing native plugins compatible for Editor in 0.46 ms, found 3 plugins.
Preloading 0 native plugins for Editor in 0.00 ms.
Unloading 2102 Unused Serialized files (Serialized files now loaded: 0)
System memory in use before: 95.0 MB.
System memory in use after: 95.0 MB.

Unloading 31 unused Assets to reduce memory usage. Loaded Objects now: 2648.
Total: 17.816000 ms (FindLiveObjects: 0.160200 ms CreateObjectMapping: 0.048900 ms MarkObjects: 17.468900 ms  DeleteObjects: 0.135900 ms)

========================================================================
Received Prepare
Registering precompiled user dll's ...
Registered in 0.006942 seconds.
Begin MonoManager ReloadAssembly
Native extension for WindowsStandalone target not found
Native extension for OSXStandalone target not found
Native extension for WebGL target not found
Refreshing native plugins compatible for Editor in 0.52 ms, found 3 plugins.
Preloading 0 native plugins for Editor in 0.00 ms.
Mono: successfully reloaded assembly
- Completed reload, in  1.128 seconds
Platform modules already initialized, skipping
Refreshing native plugins compatible for Editor in 0.47 ms, found 3 plugins.
Preloading 0 native plugins for Editor in 0.00 ms.
Unloading 2102 Unused Serialized files (Serialized files now loaded: 0)
System memory in use before: 95.0 MB.
System memory in use after: 95.0 MB.

Unloading 31 unused Assets to reduce memory usage. Loaded Objects now: 2652.
Total: 18.691100 ms (FindLiveObjects: 0.149500 ms CreateObjectMapping: 0.053800 ms MarkObjects: 18.339900 ms  DeleteObjects: 0.146400 ms)

========================================================================
Received Prepare
Registering precompiled user dll's ...
Registered in 0.004882 seconds.
Begin MonoManager ReloadAssembly
Native extension for WindowsStandalone target not found
Native extension for OSXStandalone target not found
Native extension for WebGL target not found
Refreshing native plugins compatible for Editor in 0.46 ms, found 3 plugins.
Preloading 0 native plugins for Editor in 0.00 ms.
Mono: successfully reloaded assembly
- Completed reload, in  1.114 seconds
Platform modules already initialized, skipping
Refreshing native plugins compatible for Editor in 0.44 ms, found 3 plugins.
Preloading 0 native plugins for Editor in 0.00 ms.
Unloading 2102 Unused Serialized files (Serialized files now loaded: 0)
System memory in use before: 95.0 MB.
System memory in use after: 95.0 MB.

Unloading 31 unused Assets to reduce memory usage. Loaded Objects now: 2656.
Total: 17.976400 ms (FindLiveObjects: 0.152300 ms CreateObjectMapping: 0.048800 ms MarkObjects: 17.664700 ms  DeleteObjects: 0.108400 ms)

========================================================================
Received Prepare
Registering precompiled user dll's ...
Registered in 0.005183 seconds.
Begin MonoManager ReloadAssembly
Native extension for WindowsStandalone target not found
Native extension for OSXStandalone target not found
Native extension for WebGL target not found
Refreshing native plugins compatible for Editor in 0.46 ms, found 3 plugins.
Preloading 0 native plugins for Editor in 0.00 ms.
Mono: successfully reloaded assembly
- Completed reload, in  1.137 seconds
Platform modules already initialized, skipping
Refreshing native plugins compatible for Editor in 0.45 ms, found 3 plugins.
Preloading 0 native plugins for Editor in 0.00 ms.
Unloading 2102 Unused Serialized files (Serialized files now loaded: 0)
System memory in use before: 95.0 MB.
System memory in use after: 95.0 MB.

Unloading 31 unused Assets to reduce memory usage. Loaded Objects now: 2660.
Total: 18.086000 ms (FindLiveObjects: 0.142700 ms CreateObjectMapping: 0.045200 ms MarkObjects: 17.764900 ms  DeleteObjects: 0.131700 ms)

========================================================================
Received Prepare
Registering precompiled user dll's ...
Registered in 0.004860 seconds.
Begin MonoManager ReloadAssembly
Native extension for WindowsStandalone target not found
Native extension for OSXStandalone target not found
Native extension for WebGL target not found
Refreshing native plugins compatible for Editor in 0.50 ms, found 3 plugins.
Preloading 0 native plugins for Editor in 0.00 ms.
Mono: successfully reloaded assembly
- Completed reload, in  1.116 seconds
Platform modules already initialized, skipping
Refreshing native plugins compatible for Editor in 0.49 ms, found 3 plugins.
Preloading 0 native plugins for Editor in 0.00 ms.
Unloading 2102 Unused Serialized files (Serialized files now loaded: 0)
System memory in use before: 95.1 MB.
System memory in use after: 95.0 MB.

Unloading 31 unused Assets to reduce memory usage. Loaded Objects now: 2664.
Total: 17.964200 ms (FindLiveObjects: 0.149800 ms CreateObjectMapping: 0.052600 ms MarkObjects: 17.603500 ms  DeleteObjects: 0.156100 ms)

========================================================================
Received Prepare
Registering precompiled user dll's ...
Registered in 0.006182 seconds.
Begin MonoManager ReloadAssembly
Native extension for WindowsStandalone target not found
Native extension for OSXStandalone target not found
Native extension for WebGL target not found
Refreshing native plugins compatible for Editor in 0.45 ms, found 3 plugins.
Preloading 0 native plugins for Editor in 0.00 ms.
Mono: successfully reloaded assembly
- Completed reload, in  1.086 seconds
Platform modules already initialized, skipping
Refreshing native plugins compatible for Editor in 0.44 ms, found 3 plugins.
Preloading 0 native plugins for Editor in 0.00 ms.
Unloading 2102 Unused Serialized files (Serialized files now loaded: 0)
System memory in use before: 95.1 MB.
System memory in use after: 95.1 MB.

Unloading 31 unused Assets to reduce memory usage. Loaded Objects now: 2668.
Total: 20.296200 ms (FindLiveObjects: 0.210500 ms CreateObjectMapping: 0.078400 ms MarkObjects: 19.885200 ms  DeleteObjects: 0.120400 ms)

========================================================================
Received Prepare
Registering precompiled user dll's ...
Registered in 0.005386 seconds.
Begin MonoManager ReloadAssembly
Native extension for WindowsStandalone target not found
Native extension for OSXStandalone target not found
Native extension for WebGL target not found
Refreshing native plugins compatible for Editor in 0.42 ms, found 3 plugins.
Preloading 0 native plugins for Editor in 0.00 ms.
Mono: successfully reloaded assembly
- Completed reload, in  1.096 seconds
Platform modules already initialized, skipping
Refreshing native plugins compatible for Editor in 0.48 ms, found 3 plugins.
Preloading 0 native plugins for Editor in 0.00 ms.
Unloading 2102 Unused Serialized files (Serialized files now loaded: 0)
System memory in use before: 95.1 MB.
System memory in use after: 95.1 MB.

Unloading 31 unused Assets to reduce memory usage. Loaded Objects now: 2672.
Total: 18.635000 ms (FindLiveObjects: 0.143400 ms CreateObjectMapping: 0.043800 ms MarkObjects: 18.313500 ms  DeleteObjects: 0.132100 ms)

========================================================================
Received Import Request.
  Time since last request: 2445.040005 seconds.
  path: Assets/Users/Fahim.asset
  artifactKey: Guid(37e210219529eca489c8ea31f3658550) Importer(815301076,1909f56bfc062723c751e8b465ee728b)
Start importing Assets/Users/Fahim.asset using Guid(37e210219529eca489c8ea31f3658550) Importer(815301076,1909f56bfc062723c751e8b465ee728b)  -> (artifact id: '5a17b48e60913651cb4c7f27fa089d96') in 0.070184 seconds
  Import took 0.072993 seconds .

